<?xml version="1.0" encoding="UTF-8"?>
<!-- Generated by org.testng.reporters.JUnitReportReporter -->
<testsuite hostname="DESKTOP-FFTHLO8" failures="0" tests="3" name="tests.LoginTest" time="13.583" errors="0" timestamp="2023-11-18T22:42:40 IST" skipped="0">
  <testcase classname="tests.LoginTest" name="verifyUrl" time="4.084"/>
  <testcase classname="tests.LoginTest" name="verifyLogin" time="5.452"/>
  <testcase classname="tests.LoginTest" name="verifyTitle" time="4.047"/>
</testsuite> <!-- tests.LoginTest -->
