<?xml version="1.0" encoding="UTF-8"?>
<!-- Generated by org.testng.reporters.JUnitReportReporter -->
<testsuite hostname="DESKTOP-FFTHLO8" failures="0" tests="4" name="tests.HomePageTest" time="8.491" errors="0" timestamp="2023-11-18T22:42:40 IST" skipped="0">
  <testcase classname="tests.HomePageTest" name="getHeaderText" time="2.125"/>
  <testcase classname="tests.HomePageTest" name="imageDisplayed" time="2.123"/>
  <testcase classname="tests.HomePageTest" name="getUsernameText" time="2.136"/>
  <testcase classname="tests.HomePageTest" name="getPasswordText" time="2.107"/>
</testsuite> <!-- tests.HomePageTest -->
